<?xml version="1.0" encoding="UTF-8"?>
<testsuite xmlns:xsi="http://www.w3.org/2001/XMLSchema-instance" xsi:noNamespaceSchemaLocation="https://maven.apache.org/surefire/maven-surefire-plugin/xsd/surefire-test-report-3.0.xsd" version="3.0" name="TestSuite" time="5.075" tests="5" errors="0" skipped="0" failures="0">
  <properties>
[...]
</properties>
  <testcase name="tc1" classname="org.testing.TestScripts.PostRequestTC" time="3.723"/>
  <testcase name="tc2" classname="org.testing.TestScripts.GetRequestTC" time="0.121"/>
  <testcase name="tc3" classname="org.testing.TestScripts.GetRequestWithQueryparameter" time="0.1"/>
  <testcase name="tc4" classname="org.testing.TestScripts.PutRequestTC4" time="0.036"/>
  <testcase name="tc5" classname="org.testing.TestScripts.DeleteRequestTC" time="0.029"/>
</testsuite>