<?xml version="1.0" encoding="UTF-8"?>
<!-- Generated by org.testng.reporters.JUnitXMLReporter -->
<testsuite hostname="LAPTOP-HSOKLF76" ignored="0" name="Test" tests="5" failures="0" timestamp="08 Aug 2020 09:53:20 GMT" time="7.428" errors="0">
  <testcase name="tc1" time="6.934" classname="org.testing.TestScripts.PostRequestTC"/>
  <testcase name="tc2" time="0.159" classname="org.testing.TestScripts.GetRequestTC"/>
  <testcase name="tc3" time="0.1" classname="org.testing.TestScripts.GetRequestWithQueryparameter"/>
  <testcase name="tc4" time="0.08" classname="org.testing.TestScripts.PutRequestTC4"/>
  <testcase name="tc5" time="0.059" classname="org.testing.TestScripts.DeleteRequestTC"/>
</testsuite> <!-- Test -->
