<?xml version="1.0" encoding="UTF-8"?>
<!-- Generated by org.testng.reporters.JUnitXMLReporter -->
<testsuite hostname="LAPTOP-HSOKLF76" ignored="0" name="Test" tests="5" failures="0" timestamp="07 Aug 2020 18:33:52 GMT" time="4.878" errors="0">
  <testcase name="tc1" time="4.535" classname="org.testing.TestScripts.PostRequestTC"/>
  <testcase name="tc2" time="0.067" classname="org.testing.TestScripts.GetRequestTC"/>
  <testcase name="tc3" time="0.089" classname="org.testing.TestScripts.GetRequestWithQueryparameter"/>
  <testcase name="tc4" time="0.052" classname="org.testing.TestScripts.PutRequestTC4"/>
  <testcase name="tc5" time="0.042" classname="org.testing.TestScripts.DeleteRequestTC"/>
</testsuite> <!-- Test -->
